<?xml version="1.0" encoding="UTF-8"?>
<testsuite name="com.bestbuy.bestbuyinfo.StoresCRUDTestWithSteps" time="0.556" tests="4" errors="3" skipped="0" failures="0">
  <properties>
[...]
</properties>
  <testcase name="test001" classname="com.bestbuy.bestbuyinfo.StoresCRUDTestWithSteps" time="0.386"/>
  <testcase name="test002" classname="com.bestbuy.bestbuyinfo.StoresCRUDTestWithSteps" time="0.123">
    <error message="Index: 0, Size: 0" type="java.lang.IndexOutOfBoundsException">java.lang.IndexOutOfBoundsException: Index: 0, Size: 0
	at Script1.run(Script1.groovy:1)
	at groovy.lang.GroovyShell.evaluate(GroovyShell.java:585)
	at groovy.lang.GroovyShell.evaluate(GroovyShell.java:623)
	at groovy.lang.GroovyShell.evaluate(GroovyShell.java:594)
	at io.restassured.internal.path.json.JSONAssertion.eval(JSONAssertion.groovy:80)
	at io.restassured.internal.path.json.JSONAssertion.getAsJsonObject(JSONAssertion.groovy:46)
	at io.restassured.internal.path.json.JSONAssertion.getResult(JSONAssertion.groovy:28)
	at io.restassured.path.json.JsonPath.get(JsonPath.java:202)
	at io.restassured.internal.RestAssuredResponseOptionsGroovyImpl.path(RestAssuredResponseOptionsGroovyImpl.groovy:398)
	at io.restassured.internal.RestAssuredResponseOptionsImpl.path(RestAssuredResponseOptionsImpl.java:200)
	at com.bestbuy.productinfo.StoreSteps.getStoreInfoByName(StoreSteps.java:47)
	at com.bestbuy.bestbuyinfo.StoresCRUDTestWithSteps.test002(StoresCRUDTestWithSteps.java:52)
</error>
    <system-out><![CDATA[Request method:	GET
Request URI:	http://localhost:3030/stores
Proxy:			<none>
Request params:	<none>
Query params:	<none>
Form params:	<none>
Path params:	<none>
Multiparts:		<none>
Headers:		Accept=*/*
Cookies:		<none>
Body:			<none>
]]></system-out>
    <system-err><![CDATA[6226 [main] INFO net.serenitybdd.core.Serenity - 
        __    _____ _____ ____ _____   ____   _    ____  ____  _____ ____  
  _     \ \  |_   _| ____/ ___|_   _| |  _ \ / \  / ___|/ ___|| ____|  _ \ 
 (_)_____| |   | | |  _| \___ \ | |   | |_) / _ \ \___ \\___ \|  _| | | | |
  _|_____| |   | | | |___ ___) || |   |  __/ ___ \ ___) |___) | |___| |_| |
 (_)     | |   |_| |_____|____/ |_|   |_| /_/   \_\____/|____/|_____|____/ 
        /_/                                                                

TEST PASSED: This will create a new product
----------------------------------------------------------------------------
6228 [main] INFO net.serenitybdd.core.Serenity - 
 _____ _____ ____ _____   ____ _____  _    ____ _____ _____ ____  
|_   _| ____/ ___|_   _| / ___|_   _|/ \  |  _ \_   _| ____|  _ \ 
  | | |  _| \___ \ | |   \___ \ | | / _ \ | |_) || | |  _| | | | |
  | | | |___ ___) || |    ___) || |/ ___ \|  _ < | | | |___| |_| |
  |_| |_____|____/ |_|   |____/ |_/_/   \_\_| \_\|_| |_____|____/ 
                                                                  

TEST STARTED: test002
-------------------------------------------------------------------
6229 [main] INFO net.serenitybdd.core.Serenity - TEST NUMBER: 2
]]></system-err>
  </testcase>
  <testcase name="test003" classname="com.bestbuy.bestbuyinfo.StoresCRUDTestWithSteps" time="0.029">
    <error type="java.lang.NullPointerException:">java.lang.NullPointerException: null
	at io.restassured.internal.print.ResponsePrinter.print(ResponsePrinter.java:46)
	at io.restassured.internal.ValidatableResponseOptionsImpl.logResponse(ValidatableResponseOptionsImpl.java:423)
	at io.restassured.internal.ValidatableResponseOptionsImpl.logResponse(ValidatableResponseOptionsImpl.java:419)
	at io.restassured.internal.ValidatableResponseOptionsImpl.logResponse(ValidatableResponseOptionsImpl.java:415)
	at io.restassured.internal.ValidatableResponseOptionsImpl.all(ValidatableResponseOptionsImpl.java:371)
	at com.bestbuy.bestbuyinfo.StoresCRUDTestWithSteps.test003(StoresCRUDTestWithSteps.java:65)
</error>
    <system-out><![CDATA[Request method:	PUT
Request URI:	http://localhost:3030/stores/%7Bid%7D
Proxy:			<none>
Request params:	<none>
Query params:	<none>
Form params:	<none>
Path params:	storeId=0
Multiparts:		<none>
Headers:		Accept=*/*
				Content-Type=application/json; charset=UTF-8
Cookies:		<none>
Body:
{
    "name": "BestBuyStore_updated",
    "type": "MyPractise",
    "address": "20th Street E",
    "address2": "London 1",
    "city": "London",
    "state": "MN",
    "zip": "12345",
    "lat": 44.879314,
    "lng": -93.077156,
    "hours": "Mon: 10-9; Tue: 10-9; Wed: 10-9; Thurs: 10-9; Fri: 10-9; Sat: 10-9; Sun: 10-8"
}
]]></system-out>
    <system-err><![CDATA[6362 [main] ERROR net.serenitybdd.core.Serenity - 
           __  _____ _____ ____ _____   _____ _    ___ _     _____ ____  
  _       / / |_   _| ____/ ___|_   _| |  ___/ \  |_ _| |   | ____|  _ \ 
 (_)_____| |    | | |  _| \___ \ | |   | |_ / _ \  | || |   |  _| | | | |
  _|_____| |    | | | |___ ___) || |   |  _/ ___ \ | || |___| |___| |_| |
 (_)     | |    |_| |_____|____/ |_|   |_|/_/   \_\___|_____|_____|____/ 
          \_\                                                            

TEST FAILED WITH ERROR: Verify if the product was added to the application
---------------------------------------------------------------------
6493 [main] ERROR net.serenitybdd.core.Serenity - TEST FAILED AT STEP Getting the store information with stored ID: BestBuyStore
6493 [main] ERROR net.serenitybdd.core.Serenity - Index: 0, Size: 0
6500 [main] INFO net.serenitybdd.core.Serenity - 
 _____ _____ ____ _____   ____ _____  _    ____ _____ _____ ____  
|_   _| ____/ ___|_   _| / ___|_   _|/ \  |  _ \_   _| ____|  _ \ 
  | | |  _| \___ \ | |   \___ \ | | / _ \ | |_) || | |  _| | | | |
  | | | |___ ___) || |    ___) || |/ ___ \|  _ < | | | |___| |_| |
  |_| |_____|____/ |_|   |____/ |_/_/   \_\_| \_\|_| |_____|____/ 
                                                                  

TEST STARTED: test003
-------------------------------------------------------------------
6500 [main] INFO net.serenitybdd.core.Serenity - TEST NUMBER: 3
]]></system-err>
  </testcase>
  <testcase name="test004" classname="com.bestbuy.bestbuyinfo.StoresCRUDTestWithSteps" time="0.018">
    <error type="java.lang.NullPointerException:">java.lang.NullPointerException: null
	at com.bestbuy.bestbuyinfo.StoresCRUDTestWithSteps.test004(StoresCRUDTestWithSteps.java:74)
</error>
    <system-out><![CDATA[Request method:	DELETE
Request URI:	http://localhost:3030/stores/%7Bid%7D
Proxy:			<none>
Request params:	<none>
Query params:	<none>
Form params:	<none>
Path params:	storeId=0
Multiparts:		<none>
Headers:		Accept=*/*
Cookies:		<none>
Body:			<none>
]]></system-out>
    <system-err><![CDATA[6533 [main] ERROR net.serenitybdd.core.Serenity - 
           __  _____ _____ ____ _____   _____ _    ___ _     _____ ____  
  _       / / |_   _| ____/ ___|_   _| |  ___/ \  |_ _| |   | ____|  _ \ 
 (_)_____| |    | | |  _| \___ \ | |   | |_ / _ \  | || |   |  _| | | | |
  _|_____| |    | | | |___ ___) || |   |  _/ ___ \ | || |___| |___| |_| |
 (_)     | |    |_| |_____|____/ |_|   |_|/_/   \_\___|_____|_____|____/ 
          \_\                                                            

TEST FAILED WITH ERROR: Update the product information and verify the updated information
---------------------------------------------------------------------
6534 [main] ERROR net.serenitybdd.core.Serenity - TEST FAILED AT STEP PUT
6534 [main] ERROR net.serenitybdd.core.Serenity - Path parameters were not correctly defined. Redundant path parameters are: storeId=0. Undefined path parameters are: id.
6537 [main] INFO net.serenitybdd.core.Serenity - 
 _____ _____ ____ _____   ____ _____  _    ____ _____ _____ ____  
|_   _| ____/ ___|_   _| / ___|_   _|/ \  |  _ \_   _| ____|  _ \ 
  | | |  _| \___ \ | |   \___ \ | | / _ \ | |_) || | |  _| | | | |
  | | | |___ ___) || |    ___) || |/ ___ \|  _ < | | | |___| |_| |
  |_| |_____|____/ |_|   |____/ |_/_/   \_\_| \_\|_| |_____|____/ 
                                                                  

TEST STARTED: test004
-------------------------------------------------------------------
6537 [main] INFO net.serenitybdd.core.Serenity - TEST NUMBER: 4
]]></system-err>
  </testcase>
</testsuite>